<?xml version="1.0" encoding="UTF-8"?>
<!-- Generated by org.testng.reporters.JUnitXMLReporter -->
<testsuite ignored="14" hostname="DESKTOP-2NP4J2K" failures="0" tests="9" name="Test01" time="117.987" errors="0" timestamp="2021-11-22T07:38:02 PST">
  <testcase classname="testPackage.tc01_visitSite" name="verify_visit_Site" time="7.852"/>
  <testcase classname="testPackage.tc01_visitSite" name="websiteIsSecure" time="0.03"/>
  <testcase classname="testPackage.tc02_clickWriter" name="selectMenu" time="11.277"/>
  <testcase classname="testPackage.tc03_scrollDown" name="scrollingDown" time="15.955"/>
  <testcase classname="testPackage.tc04_selectAuthor" name="selectAnyAuthor" time="10.834"/>
  <testcase classname="testPackage.tc05_viewBookDetails" name="bookDetails" time="21.687"/>
  <testcase classname="testPackage.tc06_clickOrder" name="click_Order" time="10.178"/>
  <testcase classname="testPackage.tc07_orderComplete" name="order_Complete" time="12.155"/>
  <testcase classname="testPackage.tc08_provideInfo" name="allInfo" time="27.894"/>
  <testcase classname="basicPackage.driverSetup" name="@AfterSuite driverClose" time="0.0">
    <ignored/>
  </testcase> <!-- @AfterSuite driverClose -->
  <testcase classname="basicPackage.driverSetup" name="@AfterSuite driverClose" time="0.0">
    <ignored/>
  </testcase> <!-- @AfterSuite driverClose -->
  <testcase classname="basicPackage.driverSetup" name="@AfterSuite driverClose" time="0.0">
    <ignored/>
  </testcase> <!-- @AfterSuite driverClose -->
  <testcase classname="basicPackage.driverSetup" name="@AfterSuite driverClose" time="0.0">
    <ignored/>
  </testcase> <!-- @AfterSuite driverClose -->
  <testcase classname="basicPackage.driverSetup" name="@AfterSuite driverClose" time="0.0">
    <ignored/>
  </testcase> <!-- @AfterSuite driverClose -->
  <testcase classname="basicPackage.driverSetup" name="@AfterSuite driverClose" time="0.0">
    <ignored/>
  </testcase> <!-- @AfterSuite driverClose -->
  <testcase classname="basicPackage.driverSetup" name="@AfterSuite driverClose" time="0.0">
    <ignored/>
  </testcase> <!-- @AfterSuite driverClose -->
  <testcase classname="basicPackage.driverSetup" name="@BeforeSuite openDriver" time="0.0">
    <ignored/>
  </testcase> <!-- @BeforeSuite openDriver -->
  <testcase classname="basicPackage.driverSetup" name="@BeforeSuite openDriver" time="0.0">
    <ignored/>
  </testcase> <!-- @BeforeSuite openDriver -->
  <testcase classname="basicPackage.driverSetup" name="@BeforeSuite openDriver" time="0.0">
    <ignored/>
  </testcase> <!-- @BeforeSuite openDriver -->
  <testcase classname="basicPackage.driverSetup" name="@BeforeSuite openDriver" time="0.0">
    <ignored/>
  </testcase> <!-- @BeforeSuite openDriver -->
  <testcase classname="basicPackage.driverSetup" name="@BeforeSuite openDriver" time="0.0">
    <ignored/>
  </testcase> <!-- @BeforeSuite openDriver -->
  <testcase classname="basicPackage.driverSetup" name="@BeforeSuite openDriver" time="0.0">
    <ignored/>
  </testcase> <!-- @BeforeSuite openDriver -->
  <testcase classname="basicPackage.driverSetup" name="@BeforeSuite openDriver" time="0.0">
    <ignored/>
  </testcase> <!-- @BeforeSuite openDriver -->
</testsuite> <!-- Test01 -->
