<?xml version="1.0" encoding="UTF-8"?>
<testng-results ignored="0" total="1" passed="1" failed="0" skipped="0">
  <reporter-output>
  </reporter-output>
  <suite started-at="2021-12-09T05:55:43 PST" name="Suite" finished-at="2021-12-09T05:57:30 PST" duration-ms="106289">
    <groups>
    </groups>
    <test started-at="2021-12-09T05:55:43 PST" name="TestA" finished-at="2021-12-09T05:57:30 PST" duration-ms="106289">
      <class name="utilitiesPackage.verify">
        <test-method is-config="true" signature="openDriver()[pri:0, instance:utilitiesPackage.verify@aba625]" started-at="2021-12-09T05:55:40 PST" name="openDriver" finished-at="2021-12-09T05:55:43 PST" duration-ms="2980" status="PASS">
          <reporter-output>
          </reporter-output>
        </test-method> <!-- openDriver -->
        <test-method signature="siteVisit()[pri:0, instance:utilitiesPackage.verify@aba625]" started-at="2021-12-09T05:55:43 PST" name="siteVisit" finished-at="2021-12-09T05:57:30 PST" duration-ms="106214" status="PASS">
          <reporter-output>
          </reporter-output>
        </test-method> <!-- siteVisit -->
        <test-method is-config="true" signature="driverClose()[pri:0, instance:utilitiesPackage.verify@aba625]" started-at="2021-12-09T05:57:30 PST" name="driverClose" finished-at="2021-12-09T05:57:30 PST" duration-ms="211" status="PASS">
          <reporter-output>
          </reporter-output>
        </test-method> <!-- driverClose -->
      </class> <!-- utilitiesPackage.verify -->
    </test> <!-- TestA -->
  </suite> <!-- Suite -->
</testng-results>
